<?xml version="1.0" encoding="UTF-8"?>
<!-- Generated by org.testng.reporters.JUnitReportReporter -->
<testsuite hostname="LAPTOP-2P3P69IN" failures="0" tests="1" name="KiteAppPOMUsingTestNg.ValidateKiteUserNm" time="6.241" errors="0" timestamp="2022-07-02T17:35:13 IST" skipped="0">
  <testcase classname="KiteAppPOMUsingTestNg.ValidateKiteUserNm" name="ValidateUserName" time="6.241"/>
  <system-out>
    <![CDATA[validate ActualResult& expectedresult are matching tc are passed]]>
  </system-out>
</testsuite> <!-- KiteAppPOMUsingTestNg.ValidateKiteUserNm -->
