<?xml version="1.0" encoding="UTF-8"?>
<!-- Generated by org.testng.reporters.JUnitReportReporter -->
<testsuite hostname="LAPTOP-2P3P69IN" failures="0" tests="2" name="KiteSeprateClassUingEX_BS_UT_TSTNG.validateKiteUserNm" time="11.051" errors="0" timestamp="2022-07-05T13:06:27 IST" skipped="0">
  <testcase classname="KiteSeprateClassUingEX_BS_UT_TSTNG.validateKiteUserNm" name="validateUserId" time="5.818"/>
  <system-out/>
  <testcase classname="KiteSeprateClassUingEX_BS_UT_TSTNG.validateKiteUserNm" name="validateUserId" time="5.233"/>
  <system-out/>
</testsuite> <!-- KiteSeprateClassUingEX_BS_UT_TSTNG.validateKiteUserNm -->
