<?xml version="1.0" encoding="UTF-8"?>
<!-- Generated by org.testng.reporters.JUnitReportReporter -->
<testsuite hostname="LAPTOP-2P3P69IN" failures="0" tests="4" name="TestNGINExclude.includeExclude2" time="0.012" errors="0" timestamp="2022-06-28T23:35:01 IST" skipped="0">
  <testcase classname="TestNGINExclude.includeExclude2" name="m2" time="0.001"/>
  <system-out>
    <![CDATA[a is running]]>
  </system-out>
  <testcase classname="TestNGINExclude.includeExclude2" name="m3" time="0.001"/>
  <system-out>
    <![CDATA[v is running]]>
  </system-out>
  <testcase classname="TestNGINExclude.includeExclude2" name="test" time="0.000"/>
  <system-out>
    <![CDATA[hii this is test method]]>
  </system-out>
  <testcase classname="TestNGINExclude.includeExclude2" name="m1" time="0.010"/>
  <system-out>
    <![CDATA[d is running]]>
  </system-out>
</testsuite> <!-- TestNGINExclude.includeExclude2 -->
