<?xml version="1.0" encoding="UTF-8"?>
<!-- Generated by org.testng.reporters.JUnitReportReporter -->
<testsuite hostname="LAPTOP-2P3P69IN" failures="0" tests="2" name="TestNGPrac.AnnotationStudy" time="0.012" errors="0" timestamp="2022-06-22T15:27:49 IST" skipped="0">
  <testcase classname="TestNGPrac.AnnotationStudy" name="ValidateDashboard" time="0.007"/>
  <system-out>
    <![CDATA[User Dashboard validate]]>
  </system-out>
  <testcase classname="TestNGPrac.AnnotationStudy" name="ValidateUserId" time="0.005"/>
  <system-out>
    <![CDATA[User id validate]]>
  </system-out>
</testsuite> <!-- TestNGPrac.AnnotationStudy -->
