<?xml version="1.0" encoding="UTF-8"?>
<!-- Generated by org.testng.reporters.JUnitReportReporter -->
<testsuite hostname="LAPTOP-2P3P69IN" failures="0" tests="8" name="TestNgKeyword.InvocationCountUse" time="0.027" errors="0" timestamp="2022-07-06T01:42:34 IST" skipped="0">
  <testcase classname="TestNgKeyword.InvocationCountUse" name="test" time="0.002"/>
  <system-out>
    <![CDATA[Hi]]>
  </system-out>
  <testcase classname="TestNgKeyword.InvocationCountUse" name="myTest" time="0.002"/>
  <system-out>
    <![CDATA[Hello]]>
  </system-out>
  <testcase classname="TestNgKeyword.InvocationCountUse" name="myTest" time="0.003"/>
  <system-out>
    <![CDATA[Hello]]>
  </system-out>
  <testcase classname="TestNgKeyword.InvocationCountUse" name="myTest" time="0.014"/>
  <system-out>
    <![CDATA[Hello]]>
  </system-out>
  <testcase classname="TestNgKeyword.InvocationCountUse" name="test" time="0.001"/>
  <system-out>
    <![CDATA[Hi]]>
  </system-out>
  <testcase classname="TestNgKeyword.InvocationCountUse" name="test" time="0.001"/>
  <system-out>
    <![CDATA[Hi]]>
  </system-out>
  <testcase classname="TestNgKeyword.InvocationCountUse" name="test" time="0.001"/>
  <system-out>
    <![CDATA[Hi]]>
  </system-out>
  <testcase classname="TestNgKeyword.InvocationCountUse" name="test" time="0.003"/>
  <system-out>
    <![CDATA[Hi]]>
  </system-out>
</testsuite> <!-- TestNgKeyword.InvocationCountUse -->
