<?xml version="1.0" encoding="UTF-8"?>
<!-- Generated by org.testng.reporters.JUnitReportReporter -->
<testsuite hostname="LAPTOP-2P3P69IN" failures="0" tests="1" name="TestNgVerificationByhardAssert.AssertNullUse" time="0.013" errors="0" timestamp="2022-06-28T17:18:42 IST" skipped="0">
  <testcase classname="TestNgVerificationByhardAssert.AssertNullUse" name="mymethod" time="0.013"/>
  <system-out>
    <![CDATA[b is not null then tc is pass]]>
  </system-out>
</testsuite> <!-- TestNgVerificationByhardAssert.AssertNullUse -->
