<?xml version="1.0" encoding="UTF-8"?>
<!-- Generated by org.testng.reporters.JUnitReportReporter -->
<testsuite hostname="LAPTOP-2P3P69IN" failures="0" tests="1" name="Kitebasee.validteUserIdUsingPrpr" time="1.965" errors="0" timestamp="2022-07-02T17:44:32 IST" skipped="0">
  <testcase classname="Kitebasee.validteUserIdUsingPrpr" name="validateUserID" time="1.965"/>
  <system-out/>
</testsuite> <!-- Kitebasee.validteUserIdUsingPrpr -->
