<?xml version="1.0" encoding="UTF-8"?>
<!-- Generated by org.testng.reporters.JUnitReportReporter -->
<testsuite hostname="LAPTOP-2P3P69IN" failures="0" tests="1" name="TestNGPrac.AnnotationStudy1" time="0.006" errors="0" timestamp="2022-06-27T23:09:36 IST" skipped="0">
  <testcase classname="TestNGPrac.AnnotationStudy1" name="rechargePhone" time="0.006"/>
  <system-out>
    <![CDATA[Recharge done]]>
  </system-out>
</testsuite> <!-- TestNGPrac.AnnotationStudy1 -->
