<?xml version="1.0" encoding="UTF-8"?>
<!-- Generated by org.testng.reporters.JUnitReportReporter -->
<testsuite hostname="LAPTOP-2P3P69IN" failures="0" tests="3" name="TestNGINExclude.includeExclude1" time="0.006" errors="0" timestamp="2022-06-28T23:35:01 IST" skipped="0">
  <testcase classname="TestNGINExclude.includeExclude1" name="a" time="0.002"/>
  <system-out>
    <![CDATA[a is running]]>
  </system-out>
  <testcase classname="TestNGINExclude.includeExclude1" name="v" time="0.002"/>
  <system-out>
    <![CDATA[v is running]]>
  </system-out>
  <testcase classname="TestNGINExclude.includeExclude1" name="d" time="0.002"/>
  <system-out>
    <![CDATA[d is running]]>
  </system-out>
</testsuite> <!-- TestNGINExclude.includeExclude1 -->
