<?xml version="1.0" encoding="UTF-8"?>
<!-- Generated by org.testng.reporters.JUnitReportReporter -->
<testsuite hostname="LAPTOP-2P3P69IN" failures="0" tests="3" name="TestNgKeyword.enabledFalse" time="0.012" errors="0" timestamp="2022-07-06T01:44:55 IST" skipped="1">
  <testcase classname="TestNgKeyword.enabledFalse" name="v" time="0.001"/>
  <system-out>
    <![CDATA[v is running]]>
  </system-out>
  <testcase classname="TestNgKeyword.enabledFalse" name="a" time="0.011"/>
  <system-out>
    <![CDATA[a is running]]>
  </system-out>
  <testcase classname="TestNgKeyword.enabledFalse" name="d">
    <skipped/>
  </testcase> <!-- d -->
  <system-out/>
</testsuite> <!-- TestNgKeyword.enabledFalse -->
