<?xml version="1.0" encoding="UTF-8"?>
<!-- Generated by org.testng.reporters.JUnitReportReporter -->
<testsuite hostname="LAPTOP-2P3P69IN" failures="0" tests="2" name="TestNgSoftAssertUse.SoftAssertuse" time="0.021" errors="0" timestamp="2022-07-06T00:37:34 IST" skipped="0">
  <testcase classname="TestNgSoftAssertUse.SoftAssertuse" name="MyMethod1" time="0.005"/>
  <system-out/>
  <testcase classname="TestNgSoftAssertUse.SoftAssertuse" name="MyMethod" time="0.016"/>
  <system-out/>
</testsuite> <!-- TestNgSoftAssertUse.SoftAssertuse -->
