<?xml version="1.0" encoding="UTF-8"?>
<!-- Generated by org.testng.reporters.JUnitReportReporter -->
<testsuite hostname="LAPTOP-2P3P69IN" failures="0" tests="1" name="KiteSeprate_BS_UT_TST.validateKiteUserNm" time="21.398" errors="0" timestamp="2022-07-04T13:43:15 IST" skipped="0">
  <testcase classname="KiteSeprate_BS_UT_TST.validateKiteUserNm" name="validateUserId" time="21.398"/>
  <system-out/>
</testsuite> <!-- KiteSeprate_BS_UT_TST.validateKiteUserNm -->
