<?xml version="1.0" encoding="UTF-8"?>
<!-- Generated by org.testng.reporters.JUnitReportReporter -->
<testsuite hostname="LAPTOP-2P3P69IN" failures="0" tests="3" name="TestNgKeyword.priorityUse" time="0.012" errors="0" timestamp="2022-07-06T01:39:03 IST" skipped="0">
  <testcase classname="TestNgKeyword.priorityUse" name="a" time="0.010"/>
  <system-out>
    <![CDATA[a is running]]>
  </system-out>
  <testcase classname="TestNgKeyword.priorityUse" name="v" time="0.001"/>
  <system-out>
    <![CDATA[v is running]]>
  </system-out>
  <testcase classname="TestNgKeyword.priorityUse" name="d" time="0.001"/>
  <system-out>
    <![CDATA[d is running]]>
  </system-out>
</testsuite> <!-- TestNgKeyword.priorityUse -->
