<?xml version="1.0" encoding="UTF-8"?>
<!-- Generated by org.testng.reporters.JUnitReportReporter -->
<testsuite hostname="LAPTOP-2P3P69IN" failures="0" tests="2" name="CrossBrowser.browserTest" time="15.614" errors="0" timestamp="2022-06-29T20:12:26 IST" skipped="0">
  <testcase classname="CrossBrowser.browserTest" name="f" time="7.013"/>
  <system-out/>
  <testcase classname="CrossBrowser.browserTest" name="f" time="8.601"/>
  <system-out/>
</testsuite> <!-- CrossBrowser.browserTest -->
