<?xml version="1.0" encoding="UTF-8"?>
<!-- Generated by org.testng.reporters.JUnitReportReporter -->
<testsuite hostname="LAPTOP-2P3P69IN" failures="0" tests="1" name="TestNgKeyword.includeExclude1" time="0.009" errors="0" timestamp="2022-06-23T21:15:25 IST" skipped="0">
  <testcase classname="TestNgKeyword.includeExclude1" name="d" time="0.009"/>
  <system-out>
    <![CDATA[d is running]]>
  </system-out>
</testsuite> <!-- TestNgKeyword.includeExclude1 -->
