<?xml version="1.0" encoding="UTF-8"?>
<!-- Generated by org.testng.reporters.JUnitReportReporter -->
<testsuite hostname="LAPTOP-2P3P69IN" failures="0" tests="1" name="TestNgParllelAndSerial.NewTest1" time="145.643" errors="0" timestamp="2022-06-24T13:39:43 IST" skipped="0">
  <testcase classname="TestNgParllelAndSerial.NewTest1" name="myMethod" time="145.643"/>
  <system-out/>
</testsuite> <!-- TestNgParllelAndSerial.NewTest1 -->
