<?xml version="1.0" encoding="UTF-8"?>
<!-- Generated by org.testng.reporters.JUnitReportReporter -->
<testsuite hostname="LAPTOP-2P3P69IN" failures="0" tests="3" name="TestNgKeyword.dependsonMethod" time="0.016" errors="0" timestamp="2022-07-06T01:48:30 IST" skipped="0">
  <testcase classname="TestNgKeyword.dependsonMethod" name="v" time="0.011"/>
  <system-out>
    <![CDATA[v is running]]>
  </system-out>
  <testcase classname="TestNgKeyword.dependsonMethod" name="d" time="0.003"/>
  <system-out>
    <![CDATA[d is running]]>
  </system-out>
  <testcase classname="TestNgKeyword.dependsonMethod" name="a" time="0.002"/>
  <system-out>
    <![CDATA[a is running]]>
  </system-out>
</testsuite> <!-- TestNgKeyword.dependsonMethod -->
