<?xml version="1.0" encoding="UTF-8"?>
<!-- Generated by org.testng.reporters.JUnitReportReporter -->
<testsuite hostname="LAPTOP-2P3P69IN" failures="0" tests="2" name="TestNgGroup.MyTestClass2" time="0.009" errors="0" timestamp="2022-06-24T12:43:52 IST" skipped="0">
  <testcase classname="TestNgGroup.MyTestClass2" name="afternoon" time="0.008"/>
  <system-out>
    <![CDATA[hii afternoon is running regression]]>
  </system-out>
  <testcase classname="TestNgGroup.MyTestClass2" name="goodnignt" time="0.001"/>
  <system-out>
    <![CDATA[hii  nignht is running regression]]>
  </system-out>
</testsuite> <!-- TestNgGroup.MyTestClass2 -->
