<?xml version="1.0" encoding="UTF-8"?>
<!-- Generated by org.testng.reporters.JUnitReportReporter -->
<testsuite hostname="LAPTOP-2P3P69IN" failures="0" tests="3" name="TestNgKeyword.includeExclude2" time="0.004" errors="0" timestamp="2022-06-23T21:15:25 IST" skipped="0">
  <testcase classname="TestNgKeyword.includeExclude2" name="test" time="0.001"/>
  <system-out>
    <![CDATA[hii this is test method]]>
  </system-out>
  <testcase classname="TestNgKeyword.includeExclude2" name="m2" time="0.002"/>
  <system-out>
    <![CDATA[a is running]]>
  </system-out>
  <testcase classname="TestNgKeyword.includeExclude2" name="m3" time="0.001"/>
  <system-out>
    <![CDATA[v is running]]>
  </system-out>
</testsuite> <!-- TestNgKeyword.includeExclude2 -->
