<?xml version="1.0" encoding="UTF-8"?>
<!-- Generated by org.testng.reporters.JUnitReportReporter -->
<testsuite hostname="LAPTOP-2P3P69IN" failures="0" tests="1" name="TestNgParllelAndSerial.NewTest2" time="22.983" errors="0" timestamp="2022-06-24T13:39:43 IST" skipped="0">
  <testcase classname="TestNgParllelAndSerial.NewTest2" name="myMethod1" time="22.983"/>
  <system-out/>
</testsuite> <!-- TestNgParllelAndSerial.NewTest2 -->
