<?xml version="1.0" encoding="UTF-8"?>
<!-- Generated by org.testng.reporters.JUnitReportReporter -->
<testsuite hostname="LAPTOP-2P3P69IN" failures="0" tests="1" name="KiteSeprateClassUingEX_BS_UT_TST.validateKiteUserNm" time="7.409" errors="0" timestamp="2022-07-04T13:48:36 IST" skipped="0">
  <testcase classname="KiteSeprateClassUingEX_BS_UT_TST.validateKiteUserNm" name="validateUserId" time="7.409"/>
  <system-out/>
</testsuite> <!-- KiteSeprateClassUingEX_BS_UT_TST.validateKiteUserNm -->
