<?xml version="1.0" encoding="UTF-8"?>
<!-- Generated by org.testng.reporters.JUnitReportReporter -->
<testsuite hostname="LAPTOP-2P3P69IN" failures="0" tests="1" name="KiteTest.validateKiteUserNm" time="2.755" errors="0" timestamp="2022-07-03T12:22:15 IST" skipped="0">
  <testcase classname="KiteTest.validateKiteUserNm" name="validateUserId" time="2.755"/>
  <system-out/>
</testsuite> <!-- KiteTest.validateKiteUserNm -->
