<?xml version="1.0" encoding="UTF-8"?>
<!-- Generated by org.testng.reporters.JUnitReportReporter -->
<testsuite hostname="LAPTOP-2P3P69IN" failures="0" tests="2" name="TestNgPractice.testNgEx1" time="47.258" errors="0" timestamp="2022-06-21T11:59:27 IST" skipped="0">
  <testcase classname="TestNgPractice.testNgEx1" name="mymethod2" time="11.183"/>
  <system-out/>
  <testcase classname="TestNgPractice.testNgEx1" name="mymethod" time="36.075"/>
  <system-out/>
</testsuite> <!-- TestNgPractice.testNgEx1 -->
