<?xml version="1.0" encoding="UTF-8"?>
<!-- Generated by org.testng.reporters.JUnitReportReporter -->
<testsuite hostname="LAPTOP-2P3P69IN" failures="0" tests="3" name="TestNgGroup.MyTestClass1" time="0.010" errors="0" timestamp="2022-06-24T12:43:52 IST" skipped="0">
  <testcase classname="TestNgGroup.MyTestClass1" name="thu" time="0.004"/>
  <system-out>
    <![CDATA[hii   thu is running regression]]>
  </system-out>
  <testcase classname="TestNgGroup.MyTestClass1" name="mon" time="0.005"/>
  <system-out>
    <![CDATA[hii monday]]>
  </system-out>
  <testcase classname="TestNgGroup.MyTestClass1" name="wen" time="0.001"/>
  <system-out>
    <![CDATA[hii  wens is running regression]]>
  </system-out>
</testsuite> <!-- TestNgGroup.MyTestClass1 -->
