<?xml version="1.0" encoding="UTF-8"?>
<!-- Generated by org.testng.reporters.JUnitReportReporter -->
<testsuite hostname="LAPTOP-2P3P69IN" failures="0" tests="2" name="TestNgKeyword.includeExclude" time="0.016" errors="0" timestamp="2022-06-23T16:20:38 IST" skipped="0">
  <testcase classname="TestNgKeyword.includeExclude" name="d" time="0.012"/>
  <system-out>
    <![CDATA[d is running]]>
  </system-out>
  <testcase classname="TestNgKeyword.includeExclude" name="v" time="0.004"/>
  <system-out>
    <![CDATA[v is running]]>
  </system-out>
</testsuite> <!-- TestNgKeyword.includeExclude -->
