<?xml version="1.0" encoding="UTF-8"?>
<!-- Generated by org.testng.reporters.JUnitReportReporter -->
<testsuite hostname="LAPTOP-2P3P69IN" failures="0" tests="1" name="TestNgCrossbrowserTesting.FirefoxTest" time="10.218" errors="0" timestamp="2022-06-29T19:18:43 IST" skipped="0">
  <testcase classname="TestNgCrossbrowserTesting.FirefoxTest" name="firefox" time="10.218"/>
  <system-out/>
</testsuite> <!-- TestNgCrossbrowserTesting.FirefoxTest -->
